<?xml version="1.0" encoding="UTF-8"?>
<!-- Generated by org.testng.reporters.JUnitReportReporter -->
<testsuite hostname="BRILAP2989" failures="0" tests="1" name="script.VerifyProductVersion_Test" time="44.691" errors="0" timestamp="2022-11-03T08:17:16 IST" skipped="0">
  <testcase classname="script.VerifyProductVersion_Test" name="testProductVerson" time="44.691"/>
  <system-out>
    <![CDATA[Actual and Expected versions are same]]>
  </system-out>
</testsuite> <!-- script.VerifyProductVersion_Test -->
