<?xml version="1.0" encoding="UTF-8"?>
<!-- Generated by org.testng.reporters.JUnitReportReporter -->
<testsuite hostname="BRILAP2989" failures="0" tests="1" name="script.VerifyProductVersion_Test" time="33.143" errors="0" timestamp="2022-10-25T10:22:59 IST" skipped="0">
  <testcase classname="script.VerifyProductVersion_Test" name="testProductVerson" time="33.143"/>
  <system-out>
    <![CDATA[Actual and Expected versions are same]]>
  </system-out>
</testsuite> <!-- script.VerifyProductVersion_Test -->
