<?xml version="1.0" encoding="UTF-8"?>
<!-- Generated by org.testng.reporters.JUnitReportReporter -->
<testsuite hostname="BRILAP1990" failures="0" tests="1" name="script.VerifyProductVersion_Test" time="39.348" errors="0" timestamp="04 Jun 2022 03:31:26 GMT" skipped="0">
  <testcase classname="script.VerifyProductVersion_Test" name="testProductVerson" time="39.348"/>
</testsuite> <!-- script.VerifyProductVersion_Test -->
