<?xml version="1.0" encoding="UTF-8"?>
<!-- Generated by org.testng.reporters.JUnitReportReporter -->
<testsuite hostname="BRILAP1990" failures="0" tests="1" name="script.InvalidLogin_Test" time="119.825" errors="0" timestamp="05 Jul 2022 02:29:58 GMT" skipped="0">
  <testcase classname="script.InvalidLogin_Test" name="testInvalidLogin" time="119.825"/>
</testsuite> <!-- script.InvalidLogin_Test -->
