<?xml version="1.0" encoding="UTF-8"?>
<!-- Generated by org.testng.reporters.JUnitReportReporter -->
<testsuite hostname="BRILAP2989" failures="0" tests="1" name="script.InvalidLogin_Test" time="56.718" errors="0" timestamp="2022-10-25T10:22:59 IST" skipped="0">
  <testcase classname="script.InvalidLogin_Test" name="testInvalidLogin" time="56.718"/>
  <system-out/>
</testsuite> <!-- script.InvalidLogin_Test -->
