<?xml version="1.0" encoding="UTF-8"?>
<!-- Generated by org.testng.reporters.JUnitReportReporter -->
<testsuite hostname="BRILAP1990" failures="0" tests="1" name="script.ValidLogin_Test" time="38.935" errors="0" timestamp="2 Apr 2022 11:34:12 GMT">
  <testcase classname="script.ValidLogin_Test" name="testValidLogin" time="38.935"/>
</testsuite> <!-- script.ValidLogin_Test -->
