<?xml version="1.0" encoding="UTF-8"?>
<!-- Generated by org.testng.reporters.JUnitReportReporter -->
<testsuite hostname="BRILAP1990" failures="0" tests="1" name="script.VerifyProductVersion_Test" time="27.707" errors="0" timestamp="16 Mar 2022 18:05:31 GMT">
  <testcase classname="script.VerifyProductVersion_Test" name="testProductVerson" time="27.707"/>
</testsuite> <!-- script.VerifyProductVersion_Test -->
