<?xml version="1.0" encoding="UTF-8"?>
<!-- Generated by org.testng.reporters.JUnitReportReporter -->
<testsuite hostname="BRILAP1990" failures="0" tests="1" name="script.ValidLogin_Test" time="109.477" errors="0" timestamp="05 Jul 2022 02:29:58 GMT" skipped="0">
  <testcase classname="script.ValidLogin_Test" name="testValidLogin" time="109.477"/>
</testsuite> <!-- script.ValidLogin_Test -->
