<?xml version="1.0" encoding="UTF-8"?>
<!-- Generated by org.testng.reporters.JUnitReportReporter -->
<testsuite hostname="BRILAP1990" failures="0" tests="1" name="script.ValidLogin_Test" time="54.882" errors="0" timestamp="16 Mar 2022 17:45:52 GMT">
  <testcase classname="script.ValidLogin_Test" name="testValidLogin" time="54.882"/>
</testsuite> <!-- script.ValidLogin_Test -->
