<?xml version="1.0" encoding="UTF-8"?>
<!-- Generated by org.testng.reporters.JUnitReportReporter -->
<testsuite hostname="BRILAP2989" failures="0" tests="1" name="script.InvalidLogin_Test" time="61.693" errors="0" timestamp="2022-11-03T08:17:16 IST" skipped="0">
  <testcase classname="script.InvalidLogin_Test" name="testInvalidLogin" time="61.693"/>
  <system-out/>
</testsuite> <!-- script.InvalidLogin_Test -->
