<?xml version="1.0" encoding="UTF-8"?>
<!-- Generated by org.testng.reporters.JUnitReportReporter -->
<testsuite hostname="BRILAP1990" failures="0" tests="1" name="script.InvalidLogin_Test" time="58.017" errors="0" timestamp="23 May 2022 12:31:26 GMT" skipped="0">
  <testcase classname="script.InvalidLogin_Test" name="testInvalidLogin" time="58.017"/>
</testsuite> <!-- script.InvalidLogin_Test -->
