<?xml version="1.0" encoding="UTF-8"?>
<!-- Generated by org.testng.reporters.JUnitReportReporter -->
<testsuite hostname="BRILAP1990" failures="0" tests="1" name="script.VerifyProductVersion_Test" time="29.455" errors="0" timestamp="16 Mar 2022 17:45:52 GMT">
  <testcase classname="script.VerifyProductVersion_Test" name="testProductVerson" time="29.455"/>
</testsuite> <!-- script.VerifyProductVersion_Test -->
