<?xml version="1.0" encoding="UTF-8"?>
<!-- Generated by org.testng.reporters.JUnitReportReporter -->
<testsuite hostname="BRILAP1990" failures="0" tests="1" name="script.VerifyProductVersion_Test" time="37.175" errors="0" timestamp="02 Apr 2022 13:31:44 GMT" skipped="0">
  <testcase classname="script.VerifyProductVersion_Test" name="testProductVerson" time="37.175"/>
</testsuite> <!-- script.VerifyProductVersion_Test -->
