<?xml version="1.0" encoding="UTF-8"?>
<!-- Generated by org.testng.reporters.JUnitReportReporter -->
<testsuite hostname="BRILAP1990" failures="0" tests="1" name="script.ValidLogin_Test" time="43.153" errors="0" timestamp="23 May 2022 12:31:26 GMT" skipped="0">
  <testcase classname="script.ValidLogin_Test" name="testValidLogin" time="43.153"/>
</testsuite> <!-- script.ValidLogin_Test -->
