<?xml version="1.0" encoding="UTF-8"?>
<!-- Generated by org.testng.reporters.JUnitReportReporter -->
<testsuite hostname="BRILAP1990" failures="0" tests="1" name="script.InvalidLogin_Test" time="54.106" errors="0" timestamp="04 Jun 2022 03:31:26 GMT" skipped="0">
  <testcase classname="script.InvalidLogin_Test" name="testInvalidLogin" time="54.106"/>
</testsuite> <!-- script.InvalidLogin_Test -->
