<?xml version="1.0" encoding="UTF-8"?>
<!-- Generated by org.testng.reporters.JUnitReportReporter -->
<testsuite hostname="BRILAP1990" failures="0" tests="1" name="script.InvalidLogin_Test" time="36.957" errors="0" timestamp="16 Mar 2022 17:45:52 GMT">
  <testcase classname="script.InvalidLogin_Test" name="testInvalidLogin" time="36.957"/>
</testsuite> <!-- script.InvalidLogin_Test -->
